[0.000000] (-) TimerEvent: {}
[0.000112] (-) JobUnselected: {'identifier': 'sb_controller'}
[0.000132] (-) JobUnselected: {'identifier': 'standard_bot_bringup'}
[0.000150] (my_cpp_py_pkg) JobQueued: {'identifier': 'my_cpp_py_pkg', 'dependencies': OrderedDict()}
[0.000167] (my_cpp_py_pkg) JobStarted: {'identifier': 'my_cpp_py_pkg'}
[0.053435] (my_cpp_py_pkg) JobProgress: {'identifier': 'my_cpp_py_pkg', 'progress': 'cmake'}
[0.053993] (my_cpp_py_pkg) Command: {'cmd': ['/usr/bin/cmake', '/home/sarah/sb_ros2_ws/src/my_cpp_py_pkg', '-DCMAKE_INSTALL_PREFIX=/home/sarah/sb_ros2_ws/install/my_cpp_py_pkg'], 'cwd': '/home/sarah/sb_ros2_ws/build/my_cpp_py_pkg', 'env': OrderedDict([('LESSOPEN', '| /usr/bin/lesspipe %s'), ('no_proxy', 'localhost,127.0.0.0/8,::1'), ('USER', 'sarah'), ('XDG_SESSION_TYPE', 'wayland'), ('SHLVL', '1'), ('LD_LIBRARY_PATH', '/opt/ros/humble/lib/x86_64-linux-gnu:/opt/ros/humble/lib'), ('HOME', '/home/sarah'), ('OLDPWD', '/home/sarah/sb_ros2_ws/src/my_cpp_py_pkg'), ('DESKTOP_SESSION', 'ubuntu'), ('NO_PROXY', 'localhost,127.0.0.0/8,::1'), ('ROS_PYTHON_VERSION', '3'), ('GNOME_SHELL_SESSION_MODE', 'ubuntu'), ('GTK_MODULES', 'gail:atk-bridge'), ('SYSTEMD_EXEC_PID', '2244'), ('DBUS_SESSION_BUS_ADDRESS', 'unix:path=/run/user/1000/bus'), ('COLORTERM', 'truecolor'), ('_colcon_cd_root', '/opt/ros/humble/'), ('IM_CONFIG_PHASE', '1'), ('WAYLAND_DISPLAY', 'wayland-0'), ('ROS_DISTRO', 'humble'), ('LOGNAME', 'sarah'), ('_', '/usr/bin/colcon'), ('ROS_VERSION', '2'), ('XDG_SESSION_CLASS', 'user'), ('USERNAME', 'sarah'), ('TERM', 'xterm-256color'), ('GNOME_DESKTOP_SESSION_ID', 'this-is-deprecated'), ('ROS_LOCALHOST_ONLY', '0'), ('PATH', '/opt/ros/humble/bin:/home/sarah/.local/bin:/usr/local/sbin:/usr/local/bin:/usr/sbin:/usr/bin:/sbin:/bin:/usr/games:/usr/local/games:/snap/bin:/snap/bin'), ('SESSION_MANAGER', 'local/sarah-ROG-Strix-G814JI-G814JI:@/tmp/.ICE-unix/2220,unix/sarah-ROG-Strix-G814JI-G814JI:/tmp/.ICE-unix/2220'), ('XDG_MENU_PREFIX', 'gnome-'), ('GNOME_TERMINAL_SCREEN', '/org/gnome/Terminal/screen/51c36434_2502_46fa_8e78_f8eb91d6cd22'), ('GNOME_SETUP_DISPLAY', ':1'), ('XDG_RUNTIME_DIR', '/run/user/1000'), ('DISPLAY', ':0'), ('LANG', 'en_US.UTF-8'), ('XDG_CURRENT_DESKTOP', 'ubuntu:GNOME'), ('RMW_IMPLEMENTATION', 'rmw_cyclonedds_cpp'), ('XMODIFIERS', '@im=ibus'), ('XDG_SESSION_DESKTOP', 'ubuntu'), ('XAUTHORITY', '/run/user/1000/.mutter-Xwaylandauth.AVC112'), ('LS_COLORS', 'rs=0:di=01;34:ln=01;36:mh=00:pi=40;33:so=01;35:do=01;35:bd=40;33;01:cd=40;33;01:or=40;31;01:mi=00:su=37;41:sg=30;43:ca=30;41:tw=30;42:ow=34;42:st=37;44:ex=01;32:*.tar=01;31:*.tgz=01;31:*.arc=01;31:*.arj=01;31:*.taz=01;31:*.lha=01;31:*.lz4=01;31:*.lzh=01;31:*.lzma=01;31:*.tlz=01;31:*.txz=01;31:*.tzo=01;31:*.t7z=01;31:*.zip=01;31:*.z=01;31:*.dz=01;31:*.gz=01;31:*.lrz=01;31:*.lz=01;31:*.lzo=01;31:*.xz=01;31:*.zst=01;31:*.tzst=01;31:*.bz2=01;31:*.bz=01;31:*.tbz=01;31:*.tbz2=01;31:*.tz=01;31:*.deb=01;31:*.rpm=01;31:*.jar=01;31:*.war=01;31:*.ear=01;31:*.sar=01;31:*.rar=01;31:*.alz=01;31:*.ace=01;31:*.zoo=01;31:*.cpio=01;31:*.7z=01;31:*.rz=01;31:*.cab=01;31:*.wim=01;31:*.swm=01;31:*.dwm=01;31:*.esd=01;31:*.jpg=01;35:*.jpeg=01;35:*.mjpg=01;35:*.mjpeg=01;35:*.gif=01;35:*.bmp=01;35:*.pbm=01;35:*.pgm=01;35:*.ppm=01;35:*.tga=01;35:*.xbm=01;35:*.xpm=01;35:*.tif=01;35:*.tiff=01;35:*.png=01;35:*.svg=01;35:*.svgz=01;35:*.mng=01;35:*.pcx=01;35:*.mov=01;35:*.mpg=01;35:*.mpeg=01;35:*.m2v=01;35:*.mkv=01;35:*.webm=01;35:*.webp=01;35:*.ogm=01;35:*.mp4=01;35:*.m4v=01;35:*.mp4v=01;35:*.vob=01;35:*.qt=01;35:*.nuv=01;35:*.wmv=01;35:*.asf=01;35:*.rm=01;35:*.rmvb=01;35:*.flc=01;35:*.avi=01;35:*.fli=01;35:*.flv=01;35:*.gl=01;35:*.dl=01;35:*.xcf=01;35:*.xwd=01;35:*.yuv=01;35:*.cgm=01;35:*.emf=01;35:*.ogv=01;35:*.ogx=01;35:*.aac=00;36:*.au=00;36:*.flac=00;36:*.m4a=00;36:*.mid=00;36:*.midi=00;36:*.mka=00;36:*.mp3=00;36:*.mpc=00;36:*.ogg=00;36:*.ra=00;36:*.wav=00;36:*.oga=00;36:*.opus=00;36:*.spx=00;36:*.xspf=00;36:'), ('GNOME_TERMINAL_SERVICE', ':1.112'), ('SSH_AGENT_LAUNCHER', 'gnome-keyring'), ('SSH_AUTH_SOCK', '/run/user/1000/keyring/ssh'), ('AMENT_PREFIX_PATH', '/opt/ros/humble'), ('SHELL', '/bin/bash'), ('QT_ACCESSIBILITY', '1'), ('GDMSESSION', 'ubuntu'), ('LESSCLOSE', '/usr/bin/lesspipe %s %s'), ('QT_IM_MODULE', 'ibus'), ('PWD', '/home/sarah/sb_ros2_ws/build/my_cpp_py_pkg'), ('LC_ALL', 'en_US.UTF-8'), ('XDG_CONFIG_DIRS', '/etc/xdg/xdg-ubuntu:/etc/xdg'), ('XDG_DATA_DIRS', '/usr/share/ubuntu:/usr/local/share/:/usr/share/:/var/lib/snapd/desktop'), ('PYTHONPATH', '/opt/ros/humble/lib/python3.10/site-packages:/opt/ros/humble/local/lib/python3.10/dist-packages'), ('COLCON', '1'), ('VTE_VERSION', '6800'), ('CMAKE_PREFIX_PATH', '/opt/ros/humble')]), 'shell': False}
[0.099782] (-) TimerEvent: {}
[0.200587] (-) TimerEvent: {}
[0.301173] (-) TimerEvent: {}
[0.401612] (-) TimerEvent: {}
[0.502107] (-) TimerEvent: {}
[0.602701] (-) TimerEvent: {}
[0.703339] (-) TimerEvent: {}
[0.803942] (-) TimerEvent: {}
[0.904526] (-) TimerEvent: {}
[1.004981] (-) TimerEvent: {}
[1.105519] (-) TimerEvent: {}
[1.196966] (my_cpp_py_pkg) StdoutLine: {'line': b'-- The C compiler identification is GNU 11.4.0\n'}
[1.205607] (-) TimerEvent: {}
[1.305950] (-) TimerEvent: {}
[1.406422] (-) TimerEvent: {}
[1.506978] (-) TimerEvent: {}
[1.607550] (-) TimerEvent: {}
[1.695415] (my_cpp_py_pkg) StdoutLine: {'line': b'-- The CXX compiler identification is GNU 11.4.0\n'}
[1.707638] (-) TimerEvent: {}
[1.785861] (my_cpp_py_pkg) StdoutLine: {'line': b'-- Detecting C compiler ABI info\n'}
[1.807776] (-) TimerEvent: {}
[1.908285] (-) TimerEvent: {}
[1.950201] (my_cpp_py_pkg) StdoutLine: {'line': b'-- Detecting C compiler ABI info - done\n'}
[1.957237] (my_cpp_py_pkg) StdoutLine: {'line': b'-- Check for working C compiler: /usr/bin/cc - skipped\n'}
[1.958379] (my_cpp_py_pkg) StdoutLine: {'line': b'-- Detecting C compile features\n'}
[1.968955] (my_cpp_py_pkg) StdoutLine: {'line': b'-- Detecting C compile features - done\n'}
[1.990864] (my_cpp_py_pkg) StdoutLine: {'line': b'-- Detecting CXX compiler ABI info\n'}
[2.008448] (-) TimerEvent: {}
[2.105890] (my_cpp_py_pkg) StdoutLine: {'line': b'-- Detecting CXX compiler ABI info - done\n'}
[2.108529] (-) TimerEvent: {}
[2.112177] (my_cpp_py_pkg) StdoutLine: {'line': b'-- Check for working CXX compiler: /usr/bin/c++ - skipped\n'}
[2.112237] (my_cpp_py_pkg) StdoutLine: {'line': b'-- Detecting CXX compile features\n'}
[2.112489] (my_cpp_py_pkg) StdoutLine: {'line': b'-- Detecting CXX compile features - done\n'}
[2.200926] (my_cpp_py_pkg) StdoutLine: {'line': b'-- Found ament_cmake: 1.3.11 (/opt/ros/humble/share/ament_cmake/cmake)\n'}
[2.208671] (-) TimerEvent: {}
[2.309055] (-) TimerEvent: {}
[2.409488] (-) TimerEvent: {}
[2.450561] (my_cpp_py_pkg) StdoutLine: {'line': b'-- Found Python3: /usr/bin/python3 (found version "3.10.12") found components: Interpreter \n'}
[2.509677] (-) TimerEvent: {}
[2.610207] (-) TimerEvent: {}
[2.710804] (-) TimerEvent: {}
[2.811408] (-) TimerEvent: {}
[2.901907] (my_cpp_py_pkg) StdoutLine: {'line': b'-- Found rclcpp: 16.0.11 (/opt/ros/humble/share/rclcpp/cmake)\n'}
[2.911570] (-) TimerEvent: {}
[3.011985] (-) TimerEvent: {}
[3.112510] (-) TimerEvent: {}
[3.212992] (-) TimerEvent: {}
[3.313457] (-) TimerEvent: {}
[3.359192] (my_cpp_py_pkg) StdoutLine: {'line': b'-- Found rosidl_generator_c: 3.1.6 (/opt/ros/humble/share/rosidl_generator_c/cmake)\n'}
[3.410142] (my_cpp_py_pkg) StdoutLine: {'line': b'-- Found rosidl_adapter: 3.1.6 (/opt/ros/humble/share/rosidl_adapter/cmake)\n'}
[3.413708] (-) TimerEvent: {}
[3.514137] (-) TimerEvent: {}
[3.515691] (my_cpp_py_pkg) StdoutLine: {'line': b'-- Found rosidl_generator_cpp: 3.1.6 (/opt/ros/humble/share/rosidl_generator_cpp/cmake)\n'}
[3.614404] (-) TimerEvent: {}
[3.676626] (my_cpp_py_pkg) StdoutLine: {'line': b'-- Using all available rosidl_typesupport_c: rosidl_typesupport_fastrtps_c;rosidl_typesupport_introspection_c\n'}
[3.714730] (-) TimerEvent: {}
[3.815301] (-) TimerEvent: {}
[3.817667] (my_cpp_py_pkg) StdoutLine: {'line': b'-- Using all available rosidl_typesupport_cpp: rosidl_typesupport_fastrtps_cpp;rosidl_typesupport_introspection_cpp\n'}
[3.915545] (-) TimerEvent: {}
[4.015928] (-) TimerEvent: {}
[4.116436] (-) TimerEvent: {}
[4.216923] (-) TimerEvent: {}
[4.264670] (my_cpp_py_pkg) StdoutLine: {'line': b'-- Found rmw_implementation_cmake: 6.1.2 (/opt/ros/humble/share/rmw_implementation_cmake/cmake)\n'}
[4.299937] (my_cpp_py_pkg) StdoutLine: {'line': b'-- Found rmw_cyclonedds_cpp: 1.3.4 (/opt/ros/humble/share/rmw_cyclonedds_cpp/cmake)\n'}
[4.317153] (-) TimerEvent: {}
[4.417550] (-) TimerEvent: {}
[4.518139] (-) TimerEvent: {}
[4.598381] (my_cpp_py_pkg) StdoutLine: {'line': b"-- Using RMW implementation 'rmw_cyclonedds_cpp' as default\n"}
[4.618375] (-) TimerEvent: {}
[4.682314] (my_cpp_py_pkg) StdoutLine: {'line': b'-- Looking for pthread.h\n'}
[4.718503] (-) TimerEvent: {}
[4.818900] (-) TimerEvent: {}
[4.919360] (-) TimerEvent: {}
[4.947101] (my_cpp_py_pkg) StdoutLine: {'line': b'-- Looking for pthread.h - found\n'}
[4.947230] (my_cpp_py_pkg) StdoutLine: {'line': b'-- Performing Test CMAKE_HAVE_LIBC_PTHREAD\n'}
[5.019512] (-) TimerEvent: {}
[5.024596] (my_cpp_py_pkg) StdoutLine: {'line': b'-- Performing Test CMAKE_HAVE_LIBC_PTHREAD - Success\n'}
[5.025839] (my_cpp_py_pkg) StdoutLine: {'line': b'-- Found Threads: TRUE  \n'}
[5.119614] (-) TimerEvent: {}
[5.220096] (-) TimerEvent: {}
[5.320630] (-) TimerEvent: {}
[5.421204] (-) TimerEvent: {}
[5.521557] (-) TimerEvent: {}
[5.537939] (my_cpp_py_pkg) StdoutLine: {'line': b'-- Found rclpy: 3.3.15 (/opt/ros/humble/share/rclpy/cmake)\n'}
[5.621638] (-) TimerEvent: {}
[5.673218] (my_cpp_py_pkg) StdoutLine: {'line': b'-- Configuring done\n'}
[5.681704] (my_cpp_py_pkg) StdoutLine: {'line': b'-- Generating done\n'}
[5.683319] (my_cpp_py_pkg) StdoutLine: {'line': b'-- Build files have been written to: /home/sarah/sb_ros2_ws/build/my_cpp_py_pkg\n'}
[5.687066] (my_cpp_py_pkg) CommandEnded: {'returncode': 0}
[5.688253] (my_cpp_py_pkg) JobProgress: {'identifier': 'my_cpp_py_pkg', 'progress': 'build'}
[5.688270] (my_cpp_py_pkg) Command: {'cmd': ['/usr/bin/cmake', '--build', '/home/sarah/sb_ros2_ws/build/my_cpp_py_pkg', '--', '-j32', '-l32'], 'cwd': '/home/sarah/sb_ros2_ws/build/my_cpp_py_pkg', 'env': OrderedDict([('LESSOPEN', '| /usr/bin/lesspipe %s'), ('no_proxy', 'localhost,127.0.0.0/8,::1'), ('USER', 'sarah'), ('XDG_SESSION_TYPE', 'wayland'), ('SHLVL', '1'), ('LD_LIBRARY_PATH', '/opt/ros/humble/lib/x86_64-linux-gnu:/opt/ros/humble/lib'), ('HOME', '/home/sarah'), ('OLDPWD', '/home/sarah/sb_ros2_ws/src/my_cpp_py_pkg'), ('DESKTOP_SESSION', 'ubuntu'), ('NO_PROXY', 'localhost,127.0.0.0/8,::1'), ('ROS_PYTHON_VERSION', '3'), ('GNOME_SHELL_SESSION_MODE', 'ubuntu'), ('GTK_MODULES', 'gail:atk-bridge'), ('SYSTEMD_EXEC_PID', '2244'), ('DBUS_SESSION_BUS_ADDRESS', 'unix:path=/run/user/1000/bus'), ('COLORTERM', 'truecolor'), ('_colcon_cd_root', '/opt/ros/humble/'), ('IM_CONFIG_PHASE', '1'), ('WAYLAND_DISPLAY', 'wayland-0'), ('ROS_DISTRO', 'humble'), ('LOGNAME', 'sarah'), ('_', '/usr/bin/colcon'), ('ROS_VERSION', '2'), ('XDG_SESSION_CLASS', 'user'), ('USERNAME', 'sarah'), ('TERM', 'xterm-256color'), ('GNOME_DESKTOP_SESSION_ID', 'this-is-deprecated'), ('ROS_LOCALHOST_ONLY', '0'), ('PATH', '/opt/ros/humble/bin:/home/sarah/.local/bin:/usr/local/sbin:/usr/local/bin:/usr/sbin:/usr/bin:/sbin:/bin:/usr/games:/usr/local/games:/snap/bin:/snap/bin'), ('SESSION_MANAGER', 'local/sarah-ROG-Strix-G814JI-G814JI:@/tmp/.ICE-unix/2220,unix/sarah-ROG-Strix-G814JI-G814JI:/tmp/.ICE-unix/2220'), ('XDG_MENU_PREFIX', 'gnome-'), ('GNOME_TERMINAL_SCREEN', '/org/gnome/Terminal/screen/51c36434_2502_46fa_8e78_f8eb91d6cd22'), ('GNOME_SETUP_DISPLAY', ':1'), ('XDG_RUNTIME_DIR', '/run/user/1000'), ('DISPLAY', ':0'), ('LANG', 'en_US.UTF-8'), ('XDG_CURRENT_DESKTOP', 'ubuntu:GNOME'), ('RMW_IMPLEMENTATION', 'rmw_cyclonedds_cpp'), ('XMODIFIERS', '@im=ibus'), ('XDG_SESSION_DESKTOP', 'ubuntu'), ('XAUTHORITY', '/run/user/1000/.mutter-Xwaylandauth.AVC112'), ('LS_COLORS', 'rs=0:di=01;34:ln=01;36:mh=00:pi=40;33:so=01;35:do=01;35:bd=40;33;01:cd=40;33;01:or=40;31;01:mi=00:su=37;41:sg=30;43:ca=30;41:tw=30;42:ow=34;42:st=37;44:ex=01;32:*.tar=01;31:*.tgz=01;31:*.arc=01;31:*.arj=01;31:*.taz=01;31:*.lha=01;31:*.lz4=01;31:*.lzh=01;31:*.lzma=01;31:*.tlz=01;31:*.txz=01;31:*.tzo=01;31:*.t7z=01;31:*.zip=01;31:*.z=01;31:*.dz=01;31:*.gz=01;31:*.lrz=01;31:*.lz=01;31:*.lzo=01;31:*.xz=01;31:*.zst=01;31:*.tzst=01;31:*.bz2=01;31:*.bz=01;31:*.tbz=01;31:*.tbz2=01;31:*.tz=01;31:*.deb=01;31:*.rpm=01;31:*.jar=01;31:*.war=01;31:*.ear=01;31:*.sar=01;31:*.rar=01;31:*.alz=01;31:*.ace=01;31:*.zoo=01;31:*.cpio=01;31:*.7z=01;31:*.rz=01;31:*.cab=01;31:*.wim=01;31:*.swm=01;31:*.dwm=01;31:*.esd=01;31:*.jpg=01;35:*.jpeg=01;35:*.mjpg=01;35:*.mjpeg=01;35:*.gif=01;35:*.bmp=01;35:*.pbm=01;35:*.pgm=01;35:*.ppm=01;35:*.tga=01;35:*.xbm=01;35:*.xpm=01;35:*.tif=01;35:*.tiff=01;35:*.png=01;35:*.svg=01;35:*.svgz=01;35:*.mng=01;35:*.pcx=01;35:*.mov=01;35:*.mpg=01;35:*.mpeg=01;35:*.m2v=01;35:*.mkv=01;35:*.webm=01;35:*.webp=01;35:*.ogm=01;35:*.mp4=01;35:*.m4v=01;35:*.mp4v=01;35:*.vob=01;35:*.qt=01;35:*.nuv=01;35:*.wmv=01;35:*.asf=01;35:*.rm=01;35:*.rmvb=01;35:*.flc=01;35:*.avi=01;35:*.fli=01;35:*.flv=01;35:*.gl=01;35:*.dl=01;35:*.xcf=01;35:*.xwd=01;35:*.yuv=01;35:*.cgm=01;35:*.emf=01;35:*.ogv=01;35:*.ogx=01;35:*.aac=00;36:*.au=00;36:*.flac=00;36:*.m4a=00;36:*.mid=00;36:*.midi=00;36:*.mka=00;36:*.mp3=00;36:*.mpc=00;36:*.ogg=00;36:*.ra=00;36:*.wav=00;36:*.oga=00;36:*.opus=00;36:*.spx=00;36:*.xspf=00;36:'), ('GNOME_TERMINAL_SERVICE', ':1.112'), ('SSH_AGENT_LAUNCHER', 'gnome-keyring'), ('SSH_AUTH_SOCK', '/run/user/1000/keyring/ssh'), ('AMENT_PREFIX_PATH', '/opt/ros/humble'), ('SHELL', '/bin/bash'), ('QT_ACCESSIBILITY', '1'), ('GDMSESSION', 'ubuntu'), ('LESSCLOSE', '/usr/bin/lesspipe %s %s'), ('QT_IM_MODULE', 'ibus'), ('PWD', '/home/sarah/sb_ros2_ws/build/my_cpp_py_pkg'), ('LC_ALL', 'en_US.UTF-8'), ('XDG_CONFIG_DIRS', '/etc/xdg/xdg-ubuntu:/etc/xdg'), ('XDG_DATA_DIRS', '/usr/share/ubuntu:/usr/local/share/:/usr/share/:/var/lib/snapd/desktop'), ('PYTHONPATH', '/opt/ros/humble/lib/python3.10/site-packages:/opt/ros/humble/local/lib/python3.10/dist-packages'), ('COLCON', '1'), ('VTE_VERSION', '6800'), ('CMAKE_PREFIX_PATH', '/opt/ros/humble')]), 'shell': False}
[5.721720] (-) TimerEvent: {}
[5.737278] (my_cpp_py_pkg) StdoutLine: {'line': b'[ 50%] \x1b[32mBuilding CXX object CMakeFiles/cpp_executable.dir/src/cpp_node.cpp.o\x1b[0m\n'}
[5.743885] (my_cpp_py_pkg) StdoutLine: {'line': b'[ 50%] Built target ament_cmake_python_copy_my_cpp_py_pkg\n'}
[5.754877] (my_cpp_py_pkg) StdoutLine: {'line': b'[100%] \x1b[32m\x1b[1mLinking CXX executable cpp_executable\x1b[0m\n'}
[5.821837] (-) TimerEvent: {}
[5.911175] (my_cpp_py_pkg) StdoutLine: {'line': b'running egg_info\n'}
[5.912655] (my_cpp_py_pkg) StdoutLine: {'line': b'creating my_cpp_py_pkg.egg-info\n'}
[5.913199] (my_cpp_py_pkg) StdoutLine: {'line': b'writing my_cpp_py_pkg.egg-info/PKG-INFO\n'}
[5.913500] (my_cpp_py_pkg) StdoutLine: {'line': b'writing dependency_links to my_cpp_py_pkg.egg-info/dependency_links.txt\n'}
[5.913963] (my_cpp_py_pkg) StdoutLine: {'line': b'writing top-level names to my_cpp_py_pkg.egg-info/top_level.txt\n'}
[5.914362] (my_cpp_py_pkg) StdoutLine: {'line': b"writing manifest file 'my_cpp_py_pkg.egg-info/SOURCES.txt'\n"}
[5.921971] (-) TimerEvent: {}
[5.926663] (my_cpp_py_pkg) StdoutLine: {'line': b"reading manifest file 'my_cpp_py_pkg.egg-info/SOURCES.txt'\n"}
[5.927428] (my_cpp_py_pkg) StdoutLine: {'line': b"writing manifest file 'my_cpp_py_pkg.egg-info/SOURCES.txt'\n"}
[5.946875] (my_cpp_py_pkg) StdoutLine: {'line': b'[100%] Built target ament_cmake_python_build_my_cpp_py_pkg_egg\n'}
[6.022222] (-) TimerEvent: {}
[6.089480] (my_cpp_py_pkg) StderrLine: {'line': b"/usr/bin/ld: /usr/lib/gcc/x86_64-linux-gnu/11/../../../x86_64-linux-gnu/Scrt1.o: in function `_start':\n"}
[6.089606] (my_cpp_py_pkg) StderrLine: {'line': b"(.text+0x1b): undefined reference to `main'\n"}
[6.090417] (my_cpp_py_pkg) StderrLine: {'line': b'collect2: error: ld returned 1 exit status\n'}
[6.091835] (my_cpp_py_pkg) StderrLine: {'line': b'gmake[2]: *** [CMakeFiles/cpp_executable.dir/build.make:151: cpp_executable] Error 1\n'}
[6.092081] (my_cpp_py_pkg) StderrLine: {'line': b'gmake[1]: *** [CMakeFiles/Makefile2:140: CMakeFiles/cpp_executable.dir/all] Error 2\n'}
[6.092301] (my_cpp_py_pkg) StderrLine: {'line': b'gmake: *** [Makefile:146: all] Error 2\n'}
[6.093828] (my_cpp_py_pkg) CommandEnded: {'returncode': 2}
[6.122440] (-) TimerEvent: {}
[6.173273] (my_cpp_py_pkg) JobEnded: {'identifier': 'my_cpp_py_pkg', 'rc': 2}
[6.183941] (-) EventReactorShutdown: {}
