[0.055s] Invoking command in '/home/sarah/sb_ros2_ws/build/my_cpp_py_pkg': CMAKE_PREFIX_PATH=/opt/ros/humble /usr/bin/cmake /home/sarah/sb_ros2_ws/src/my_cpp_py_pkg -DCMAKE_INSTALL_PREFIX=/home/sarah/sb_ros2_ws/install/my_cpp_py_pkg
[1.197s] -- The C compiler identification is GNU 11.4.0
[1.695s] -- The CXX compiler identification is GNU 11.4.0
[1.786s] -- Detecting C compiler ABI info
[1.950s] -- Detecting C compiler ABI info - done
[1.957s] -- Check for working C compiler: /usr/bin/cc - skipped
[1.958s] -- Detecting C compile features
[1.969s] -- Detecting C compile features - done
[1.991s] -- Detecting CXX compiler ABI info
[2.106s] -- Detecting CXX compiler ABI info - done
[2.112s] -- Check for working CXX compiler: /usr/bin/c++ - skipped
[2.112s] -- Detecting CXX compile features
[2.112s] -- Detecting CXX compile features - done
[2.201s] -- Found ament_cmake: 1.3.11 (/opt/ros/humble/share/ament_cmake/cmake)
[2.450s] -- Found Python3: /usr/bin/python3 (found version "3.10.12") found components: Interpreter 
[2.902s] -- Found rclcpp: 16.0.11 (/opt/ros/humble/share/rclcpp/cmake)
[3.359s] -- Found rosidl_generator_c: 3.1.6 (/opt/ros/humble/share/rosidl_generator_c/cmake)
[3.410s] -- Found rosidl_adapter: 3.1.6 (/opt/ros/humble/share/rosidl_adapter/cmake)
[3.516s] -- Found rosidl_generator_cpp: 3.1.6 (/opt/ros/humble/share/rosidl_generator_cpp/cmake)
[3.677s] -- Using all available rosidl_typesupport_c: rosidl_typesupport_fastrtps_c;rosidl_typesupport_introspection_c
[3.818s] -- Using all available rosidl_typesupport_cpp: rosidl_typesupport_fastrtps_cpp;rosidl_typesupport_introspection_cpp
[4.265s] -- Found rmw_implementation_cmake: 6.1.2 (/opt/ros/humble/share/rmw_implementation_cmake/cmake)
[4.300s] -- Found rmw_cyclonedds_cpp: 1.3.4 (/opt/ros/humble/share/rmw_cyclonedds_cpp/cmake)
[4.598s] -- Using RMW implementation 'rmw_cyclonedds_cpp' as default
[4.682s] -- Looking for pthread.h
[4.947s] -- Looking for pthread.h - found
[4.947s] -- Performing Test CMAKE_HAVE_LIBC_PTHREAD
[5.025s] -- Performing Test CMAKE_HAVE_LIBC_PTHREAD - Success
[5.026s] -- Found Threads: TRUE  
[5.538s] -- Found rclpy: 3.3.15 (/opt/ros/humble/share/rclpy/cmake)
[5.673s] -- Configuring done
[5.682s] -- Generating done
[5.683s] -- Build files have been written to: /home/sarah/sb_ros2_ws/build/my_cpp_py_pkg
[5.688s] Invoked command in '/home/sarah/sb_ros2_ws/build/my_cpp_py_pkg' returned '0': CMAKE_PREFIX_PATH=/opt/ros/humble /usr/bin/cmake /home/sarah/sb_ros2_ws/src/my_cpp_py_pkg -DCMAKE_INSTALL_PREFIX=/home/sarah/sb_ros2_ws/install/my_cpp_py_pkg
[5.688s] Invoking command in '/home/sarah/sb_ros2_ws/build/my_cpp_py_pkg': CMAKE_PREFIX_PATH=/opt/ros/humble /usr/bin/cmake --build /home/sarah/sb_ros2_ws/build/my_cpp_py_pkg -- -j32 -l32
[5.737s] [ 50%] [32mBuilding CXX object CMakeFiles/cpp_executable.dir/src/cpp_node.cpp.o[0m
[5.744s] [ 50%] Built target ament_cmake_python_copy_my_cpp_py_pkg
[5.755s] [100%] [32m[1mLinking CXX executable cpp_executable[0m
[5.911s] running egg_info
[5.913s] creating my_cpp_py_pkg.egg-info
[5.913s] writing my_cpp_py_pkg.egg-info/PKG-INFO
[5.914s] writing dependency_links to my_cpp_py_pkg.egg-info/dependency_links.txt
[5.914s] writing top-level names to my_cpp_py_pkg.egg-info/top_level.txt
[5.914s] writing manifest file 'my_cpp_py_pkg.egg-info/SOURCES.txt'
[5.927s] reading manifest file 'my_cpp_py_pkg.egg-info/SOURCES.txt'
[5.927s] writing manifest file 'my_cpp_py_pkg.egg-info/SOURCES.txt'
[5.947s] [100%] Built target ament_cmake_python_build_my_cpp_py_pkg_egg
[6.089s] /usr/bin/ld: /usr/lib/gcc/x86_64-linux-gnu/11/../../../x86_64-linux-gnu/Scrt1.o: in function `_start':
[6.089s] (.text+0x1b): undefined reference to `main'
[6.090s] collect2: error: ld returned 1 exit status
[6.092s] gmake[2]: *** [CMakeFiles/cpp_executable.dir/build.make:151: cpp_executable] Error 1
[6.092s] gmake[1]: *** [CMakeFiles/Makefile2:140: CMakeFiles/cpp_executable.dir/all] Error 2
[6.092s] gmake: *** [Makefile:146: all] Error 2
[6.094s] Invoked command in '/home/sarah/sb_ros2_ws/build/my_cpp_py_pkg' returned '2': CMAKE_PREFIX_PATH=/opt/ros/humble /usr/bin/cmake --build /home/sarah/sb_ros2_ws/build/my_cpp_py_pkg -- -j32 -l32
